[0m06:39:45.923737 [debug] [MainThread]: Sending event: {'category': 'dbt', 'action': 'invocation', 'label': 'start', 'context': [<snowplow_tracker.self_describing_json.SelfDescribingJson object at 0x716fa552f710>, <snowplow_tracker.self_describing_json.SelfDescribingJson object at 0x716fa5614bf0>, <snowplow_tracker.self_describing_json.SelfDescribingJson object at 0x716fa7101d90>]}


============================== 06:39:45.976514 | c5d99f51-9bba-480e-ac8a-e55c6a0d94db ==============================
[0m06:39:45.976514 [info ] [MainThread]: Running with dbt=1.9.0
[0m06:39:45.979389 [debug] [MainThread]: running dbt with arguments {'printer_width': '80', 'indirect_selection': 'eager', 'log_cache_events': 'False', 'write_json': 'True', 'partial_parse': 'True', 'cache_selected_only': 'False', 'profiles_dir': '/root/.dbt', 'debug': 'False', 'warn_error': 'None', 'log_path': 'logs', 'version_check': 'True', 'fail_fast': 'False', 'use_colors': 'True', 'use_experimental_parser': 'False', 'empty': 'None', 'quiet': 'False', 'no_print': 'None', 'log_format': 'default', 'invocation_command': 'dbt init my_project', 'static_parser': 'True', 'warn_error_options': 'WarnErrorOptions(include=[], exclude=[])', 'target_path': 'None', 'introspect': 'True', 'send_anonymous_usage_stats': 'True'}
[0m06:39:46.210464 [debug] [MainThread]: Starter project path: /usr/local/lib/python3.12/site-packages/dbt/include/starter_project
[0m06:39:46.313780 [info ] [MainThread]: 
Your new dbt project "my_project" was created!

For more information on how to configure the profiles.yml file,
please consult the dbt documentation here:

  https://docs.getdbt.com/docs/configure-your-profile

One more thing:

Need help? Don't hesitate to reach out to us via GitHub issues or on Slack:

  https://community.getdbt.com/

Happy modeling!

[0m06:39:46.314166 [info ] [MainThread]: Setting up your profile.
[0m06:40:33.260613 [info ] [MainThread]: Profile my_project written to /root/.dbt/profiles.yml using target's profile_template.yml and your supplied values. Run 'dbt debug' to validate the connection.
[0m06:40:33.276558 [debug] [MainThread]: Resource report: {"command_name": "init", "command_success": true, "command_wall_clock_time": 43.789207, "process_in_blocks": "92880", "process_kernel_time": 0.678779, "process_mem_max_rss": "92080", "process_out_blocks": "1544", "process_user_time": 2.377539}
[0m06:40:33.277137 [debug] [MainThread]: Command `dbt init` succeeded at 06:40:33.277024 after 43.79 seconds
[0m06:40:33.277545 [debug] [MainThread]: Sending event: {'category': 'dbt', 'action': 'invocation', 'label': 'end', 'context': [<snowplow_tracker.self_describing_json.SelfDescribingJson object at 0x716fa5e41190>, <snowplow_tracker.self_describing_json.SelfDescribingJson object at 0x716fa55d5220>, <snowplow_tracker.self_describing_json.SelfDescribingJson object at 0x716fa7101d90>]}
[0m06:40:33.278005 [debug] [MainThread]: Flushing usage events
[0m06:40:33.679034 [debug] [MainThread]: An error was encountered while trying to flush usage events
[0m06:41:22.450256 [debug] [MainThread]: Sending event: {'category': 'dbt', 'action': 'invocation', 'label': 'start', 'context': [<snowplow_tracker.self_describing_json.SelfDescribingJson object at 0x71d83d2dba10>, <snowplow_tracker.self_describing_json.SelfDescribingJson object at 0x71d83e7384d0>, <snowplow_tracker.self_describing_json.SelfDescribingJson object at 0x71d83cff0470>]}


============================== 06:41:22.492683 | 7855c8b7-eaf9-4f63-b133-e0e20a4eeecd ==============================
[0m06:41:22.492683 [info ] [MainThread]: Running with dbt=1.9.0
[0m06:41:22.493161 [debug] [MainThread]: running dbt with arguments {'printer_width': '80', 'indirect_selection': 'eager', 'write_json': 'True', 'log_cache_events': 'False', 'partial_parse': 'True', 'cache_selected_only': 'False', 'warn_error': 'None', 'fail_fast': 'False', 'debug': 'False', 'log_path': 'logs', 'profiles_dir': '/root/.dbt', 'version_check': 'True', 'use_colors': 'True', 'use_experimental_parser': 'False', 'no_print': 'None', 'quiet': 'False', 'empty': 'None', 'log_format': 'default', 'introspect': 'True', 'warn_error_options': 'WarnErrorOptions(include=[], exclude=[])', 'invocation_command': 'dbt debug', 'target_path': 'None', 'static_parser': 'True', 'send_anonymous_usage_stats': 'True'}
[0m06:41:22.629340 [info ] [MainThread]: dbt version: 1.9.0
[0m06:41:22.629708 [info ] [MainThread]: python version: 3.12.4
[0m06:41:22.630148 [info ] [MainThread]: python path: /usr/local/bin/python
[0m06:41:22.630537 [info ] [MainThread]: os info: Linux-6.6.87.2-microsoft-standard-WSL2-x86_64-with-glibc2.31
[0m06:41:23.022139 [info ] [MainThread]: Using profiles dir at /root/.dbt
[0m06:41:23.022553 [info ] [MainThread]: Using profiles.yml file at /root/.dbt/profiles.yml
[0m06:41:23.022958 [info ] [MainThread]: Using dbt_project.yml file at /usr/app/dbt_project.yml
[0m06:41:23.024065 [info ] [MainThread]: adapter type: postgres
[0m06:41:23.024552 [info ] [MainThread]: adapter version: 1.9.0
[0m06:41:23.025213 [info ] [MainThread]: Configuration:
[0m06:41:23.025558 [info ] [MainThread]:   profiles.yml file [[32mOK found and valid[0m]
[0m06:41:23.026014 [info ] [MainThread]:   dbt_project.yml file [[31mERROR not found[0m]
[0m06:41:23.026465 [info ] [MainThread]: Required dependencies:
[0m06:41:23.026832 [debug] [MainThread]: Executing "git --help"
[0m06:41:23.139335 [debug] [MainThread]: STDOUT: "b"usage: git [--version] [--help] [-C <path>] [-c <name>=<value>]\n           [--exec-path[=<path>]] [--html-path] [--man-path] [--info-path]\n           [-p | --paginate | -P | --no-pager] [--no-replace-objects] [--bare]\n           [--git-dir=<path>] [--work-tree=<path>] [--namespace=<name>]\n           <command> [<args>]\n\nThese are common Git commands used in various situations:\n\nstart a working area (see also: git help tutorial)\n   clone             Clone a repository into a new directory\n   init              Create an empty Git repository or reinitialize an existing one\n\nwork on the current change (see also: git help everyday)\n   add               Add file contents to the index\n   mv                Move or rename a file, a directory, or a symlink\n   restore           Restore working tree files\n   rm                Remove files from the working tree and from the index\n   sparse-checkout   Initialize and modify the sparse-checkout\n\nexamine the history and state (see also: git help revisions)\n   bisect            Use binary search to find the commit that introduced a bug\n   diff              Show changes between commits, commit and working tree, etc\n   grep              Print lines matching a pattern\n   log               Show commit logs\n   show              Show various types of objects\n   status            Show the working tree status\n\ngrow, mark and tweak your common history\n   branch            List, create, or delete branches\n   commit            Record changes to the repository\n   merge             Join two or more development histories together\n   rebase            Reapply commits on top of another base tip\n   reset             Reset current HEAD to the specified state\n   switch            Switch branches\n   tag               Create, list, delete or verify a tag object signed with GPG\n\ncollaborate (see also: git help workflows)\n   fetch             Download objects and refs from another repository\n   pull              Fetch from and integrate with another repository or a local branch\n   push              Update remote refs along with associated objects\n\n'git help -a' and 'git help -g' list available subcommands and some\nconcept guides. See 'git help <command>' or 'git help <concept>'\nto read about a specific subcommand or concept.\nSee 'git help git' for an overview of the system.\n""
[0m06:41:23.139766 [debug] [MainThread]: STDERR: "b''"
[0m06:41:23.140051 [info ] [MainThread]:  - git [[32mOK found[0m]

[0m06:41:23.140352 [info ] [MainThread]: Connection:
[0m06:41:23.140800 [info ] [MainThread]:   host: db
[0m06:41:23.141208 [info ] [MainThread]:   port: 5432
[0m06:41:23.141539 [info ] [MainThread]:   user: db_user
[0m06:41:23.142086 [info ] [MainThread]:   database: db
[0m06:41:23.142524 [info ] [MainThread]:   schema: dev
[0m06:41:23.142929 [info ] [MainThread]:   connect_timeout: 10
[0m06:41:23.143381 [info ] [MainThread]:   role: None
[0m06:41:23.143736 [info ] [MainThread]:   search_path: None
[0m06:41:23.144172 [info ] [MainThread]:   keepalives_idle: 0
[0m06:41:23.144514 [info ] [MainThread]:   sslmode: None
[0m06:41:23.144899 [info ] [MainThread]:   sslcert: None
[0m06:41:23.145217 [info ] [MainThread]:   sslkey: None
[0m06:41:23.145656 [info ] [MainThread]:   sslrootcert: None
[0m06:41:23.145982 [info ] [MainThread]:   application_name: dbt
[0m06:41:23.146280 [info ] [MainThread]:   retries: 1
[0m06:41:23.146883 [info ] [MainThread]: Registered adapter: postgres=1.9.0
[0m06:41:23.280586 [debug] [MainThread]: Acquiring new postgres connection 'debug'
[0m06:41:23.393626 [debug] [MainThread]: Using postgres connection "debug"
[0m06:41:23.393991 [debug] [MainThread]: On debug: select 1 as id
[0m06:41:23.394244 [debug] [MainThread]: Opening a new connection, currently in state init
[0m06:41:23.883115 [debug] [MainThread]: SQL status: SELECT 1 in 0.489 seconds
[0m06:41:23.884479 [debug] [MainThread]: On debug: Close
[0m06:41:23.884995 [info ] [MainThread]:   Connection test: [[32mOK connection ok[0m]

[0m06:41:23.885404 [info ] [MainThread]: [31m1 check failed:[0m
[0m06:41:23.885824 [info ] [MainThread]: Project loading failed for the following reason:
 project path </usr/app/dbt_project.yml> not found

[0m06:41:23.898164 [debug] [MainThread]: Resource report: {"command_name": "debug", "command_success": false, "command_wall_clock_time": 1.6043104, "process_in_blocks": "99016", "process_kernel_time": 0.476389, "process_mem_max_rss": "97644", "process_out_blocks": "1520", "process_user_time": 2.003386}
[0m06:41:23.898739 [debug] [MainThread]: Command `dbt debug` failed at 06:41:23.898635 after 1.61 seconds
[0m06:41:23.899062 [debug] [MainThread]: Connection 'debug' was properly closed.
[0m06:41:23.899437 [debug] [MainThread]: Sending event: {'category': 'dbt', 'action': 'invocation', 'label': 'end', 'context': [<snowplow_tracker.self_describing_json.SelfDescribingJson object at 0x71d83cae8200>, <snowplow_tracker.self_describing_json.SelfDescribingJson object at 0x71d83dabca40>, <snowplow_tracker.self_describing_json.SelfDescribingJson object at 0x71d83cbff320>]}
[0m06:41:23.899786 [debug] [MainThread]: Flushing usage events
[0m06:41:24.251951 [debug] [MainThread]: An error was encountered while trying to flush usage events
[0m06:46:53.436022 [debug] [MainThread]: Sending event: {'category': 'dbt', 'action': 'invocation', 'label': 'start', 'context': [<snowplow_tracker.self_describing_json.SelfDescribingJson object at 0x74044ff4fe60>, <snowplow_tracker.self_describing_json.SelfDescribingJson object at 0x74044ff4fd70>, <snowplow_tracker.self_describing_json.SelfDescribingJson object at 0x74044fefbbf0>]}


============================== 06:46:53.506816 | 883fc535-8914-4ddc-bb7c-7aaad71f23c7 ==============================
[0m06:46:53.506816 [info ] [MainThread]: Running with dbt=1.9.0
[0m06:46:53.508816 [debug] [MainThread]: running dbt with arguments {'printer_width': '80', 'indirect_selection': 'eager', 'log_cache_events': 'False', 'write_json': 'True', 'partial_parse': 'True', 'cache_selected_only': 'False', 'profiles_dir': '/root/.dbt', 'fail_fast': 'False', 'version_check': 'True', 'log_path': 'logs', 'warn_error': 'None', 'debug': 'False', 'use_colors': 'True', 'use_experimental_parser': 'False', 'empty': 'None', 'quiet': 'False', 'no_print': 'None', 'log_format': 'default', 'invocation_command': 'dbt debug', 'static_parser': 'True', 'introspect': 'True', 'target_path': 'None', 'warn_error_options': 'WarnErrorOptions(include=[], exclude=[])', 'send_anonymous_usage_stats': 'True'}
[0m06:46:53.642543 [info ] [MainThread]: dbt version: 1.9.0
[0m06:46:53.643055 [info ] [MainThread]: python version: 3.12.4
[0m06:46:53.643409 [info ] [MainThread]: python path: /usr/local/bin/python
[0m06:46:53.643899 [info ] [MainThread]: os info: Linux-6.6.87.2-microsoft-standard-WSL2-x86_64-with-glibc2.31
[0m06:46:54.012212 [info ] [MainThread]: Using profiles dir at /root/.dbt
[0m06:46:54.012655 [info ] [MainThread]: Using profiles.yml file at /root/.dbt/profiles.yml
[0m06:46:54.012984 [info ] [MainThread]: Using dbt_project.yml file at /usr/app/dbt_project.yml
[0m06:46:54.014254 [info ] [MainThread]: adapter type: postgres
[0m06:46:54.014845 [info ] [MainThread]: adapter version: 1.9.0
[0m06:46:54.015348 [info ] [MainThread]: Configuration:
[0m06:46:54.015796 [info ] [MainThread]:   profiles.yml file [[32mOK found and valid[0m]
[0m06:46:54.016284 [info ] [MainThread]:   dbt_project.yml file [[31mERROR not found[0m]
[0m06:46:54.016693 [info ] [MainThread]: Required dependencies:
[0m06:46:54.017115 [debug] [MainThread]: Executing "git --help"
[0m06:46:54.143405 [debug] [MainThread]: STDOUT: "b"usage: git [--version] [--help] [-C <path>] [-c <name>=<value>]\n           [--exec-path[=<path>]] [--html-path] [--man-path] [--info-path]\n           [-p | --paginate | -P | --no-pager] [--no-replace-objects] [--bare]\n           [--git-dir=<path>] [--work-tree=<path>] [--namespace=<name>]\n           <command> [<args>]\n\nThese are common Git commands used in various situations:\n\nstart a working area (see also: git help tutorial)\n   clone             Clone a repository into a new directory\n   init              Create an empty Git repository or reinitialize an existing one\n\nwork on the current change (see also: git help everyday)\n   add               Add file contents to the index\n   mv                Move or rename a file, a directory, or a symlink\n   restore           Restore working tree files\n   rm                Remove files from the working tree and from the index\n   sparse-checkout   Initialize and modify the sparse-checkout\n\nexamine the history and state (see also: git help revisions)\n   bisect            Use binary search to find the commit that introduced a bug\n   diff              Show changes between commits, commit and working tree, etc\n   grep              Print lines matching a pattern\n   log               Show commit logs\n   show              Show various types of objects\n   status            Show the working tree status\n\ngrow, mark and tweak your common history\n   branch            List, create, or delete branches\n   commit            Record changes to the repository\n   merge             Join two or more development histories together\n   rebase            Reapply commits on top of another base tip\n   reset             Reset current HEAD to the specified state\n   switch            Switch branches\n   tag               Create, list, delete or verify a tag object signed with GPG\n\ncollaborate (see also: git help workflows)\n   fetch             Download objects and refs from another repository\n   pull              Fetch from and integrate with another repository or a local branch\n   push              Update remote refs along with associated objects\n\n'git help -a' and 'git help -g' list available subcommands and some\nconcept guides. See 'git help <command>' or 'git help <concept>'\nto read about a specific subcommand or concept.\nSee 'git help git' for an overview of the system.\n""
[0m06:46:54.143850 [debug] [MainThread]: STDERR: "b''"
[0m06:46:54.144111 [info ] [MainThread]:  - git [[32mOK found[0m]

[0m06:46:54.144423 [info ] [MainThread]: Connection:
[0m06:46:54.144949 [info ] [MainThread]:   host: db
[0m06:46:54.145407 [info ] [MainThread]:   port: 5432
[0m06:46:54.146015 [info ] [MainThread]:   user: db_user
[0m06:46:54.146625 [info ] [MainThread]:   database: db
[0m06:46:54.147273 [info ] [MainThread]:   schema: dev
[0m06:46:54.147754 [info ] [MainThread]:   connect_timeout: 10
[0m06:46:54.148175 [info ] [MainThread]:   role: None
[0m06:46:54.148632 [info ] [MainThread]:   search_path: None
[0m06:46:54.149218 [info ] [MainThread]:   keepalives_idle: 0
[0m06:46:54.149735 [info ] [MainThread]:   sslmode: None
[0m06:46:54.150306 [info ] [MainThread]:   sslcert: None
[0m06:46:54.150782 [info ] [MainThread]:   sslkey: None
[0m06:46:54.151207 [info ] [MainThread]:   sslrootcert: None
[0m06:46:54.151611 [info ] [MainThread]:   application_name: dbt
[0m06:46:54.152111 [info ] [MainThread]:   retries: 1
[0m06:46:54.152905 [info ] [MainThread]: Registered adapter: postgres=1.9.0
[0m06:46:54.379461 [debug] [MainThread]: Acquiring new postgres connection 'debug'
[0m06:46:54.521676 [debug] [MainThread]: Using postgres connection "debug"
[0m06:46:54.522099 [debug] [MainThread]: On debug: select 1 as id
[0m06:46:54.522376 [debug] [MainThread]: Opening a new connection, currently in state init
[0m06:46:54.917918 [debug] [MainThread]: SQL status: SELECT 1 in 0.395 seconds
[0m06:46:54.919601 [debug] [MainThread]: On debug: Close
[0m06:46:54.920274 [info ] [MainThread]:   Connection test: [[32mOK connection ok[0m]

[0m06:46:54.920871 [info ] [MainThread]: [31m1 check failed:[0m
[0m06:46:54.921520 [info ] [MainThread]: Project loading failed for the following reason:
 project path </usr/app/dbt_project.yml> not found

[0m06:46:54.940991 [debug] [MainThread]: Resource report: {"command_name": "debug", "command_success": false, "command_wall_clock_time": 1.6518593, "process_in_blocks": "99032", "process_kernel_time": 0.828683, "process_mem_max_rss": "97996", "process_out_blocks": "1512", "process_user_time": 2.348652}
[0m06:46:54.941892 [debug] [MainThread]: Command `dbt debug` failed at 06:46:54.941709 after 1.65 seconds
[0m06:46:54.942457 [debug] [MainThread]: Connection 'debug' was properly closed.
[0m06:46:54.942945 [debug] [MainThread]: Sending event: {'category': 'dbt', 'action': 'invocation', 'label': 'end', 'context': [<snowplow_tracker.self_describing_json.SelfDescribingJson object at 0x74044f4279b0>, <snowplow_tracker.self_describing_json.SelfDescribingJson object at 0x74044f9f7770>, <snowplow_tracker.self_describing_json.SelfDescribingJson object at 0x74044f9f6660>]}
[0m06:46:54.943521 [debug] [MainThread]: Flushing usage events
[0m06:46:55.309022 [debug] [MainThread]: An error was encountered while trying to flush usage events
